<?xml version="1.0" encoding="UTF-8"?>
<testng-results skipped="0" failed="0" ignored="0" total="3" passed="3">
  <reporter-output>
  </reporter-output>
  <suite name="Default suite" duration-ms="15076" started-at="2021-11-30T16:35:20 IST" finished-at="2021-11-30T16:35:35 IST">
    <groups>
    </groups>
    <test name="Default test" duration-ms="15076" started-at="2021-11-30T16:35:20 IST" finished-at="2021-11-30T16:35:35 IST">
      <class name="API_TEST.DEMO_CLASS">
        <test-method status="PASS" signature="createboard()[pri:0, instance:API_TEST.DEMO_CLASS@1d8db5a]" name="createboard" duration-ms="11126" started-at="2021-11-30T16:35:20 IST" finished-at="2021-11-30T16:35:31 IST">
          <reporter-output>
          </reporter-output>
        </test-method> <!-- createboard -->
        <test-method status="PASS" signature="getboard()[pri:1, instance:API_TEST.DEMO_CLASS@1d8db5a]" name="getboard" duration-ms="2702" started-at="2021-11-30T16:35:31 IST" finished-at="2021-11-30T16:35:34 IST">
          <reporter-output>
          </reporter-output>
        </test-method> <!-- getboard -->
        <test-method status="PASS" signature="deleteboard()[pri:2, instance:API_TEST.DEMO_CLASS@1d8db5a]" name="deleteboard" duration-ms="1184" started-at="2021-11-30T16:35:34 IST" finished-at="2021-11-30T16:35:35 IST">
          <reporter-output>
          </reporter-output>
        </test-method> <!-- deleteboard -->
      </class> <!-- API_TEST.DEMO_CLASS -->
    </test> <!-- Default test -->
  </suite> <!-- Default suite -->
</testng-results>
